<?xml version="1.0" encoding="UTF-8"?>
<!-- Generated by org.testng.reporters.JUnitReportReporter -->
<testsuite hostname="LAPTOP-16NA0FI5" failures="0" tests="1" name="dstestcases.LoggerTest" time="0.103" errors="0" timestamp="2025-01-11T23:32:31 GMT-05:00" skipped="0">
  <testcase classname="dstestcases.LoggerTest" name="test01_TestingLog" time="0.103"/>
</testsuite> <!-- dstestcases.LoggerTest -->
