<?xml version="1.0" encoding="UTF-8"?>
<!-- Generated by org.testng.reporters.JUnitReportReporter -->
<testsuite hostname="LAPTOP-16NA0FI5" failures="0" tests="2" name="runner.TestRunner" time="0.105" errors="0" timestamp="2024-12-24T21:45:23 GMT-05:00" skipped="0">
  <testcase classname="runner.TestRunner" name="runScenario" time="0.009"/>
  <testcase classname="runner.TestRunner" name="runScenario" time="0.096"/>
</testsuite> <!-- runner.TestRunner -->
